<?xml version="1.0" encoding="utf-8" standalone="no"?>
<!--This file represents the results of running a test suite-->
<test-results name="/home/spiffytech/Documents/programs/webmusic/tests/WebMusic.Tests/bin/Release/WebMusic.Tests.dll" total="0" errors="0" failures="0" not-run="1" inconclusive="0" ignored="0" skipped="0" invalid="1" date="2015-07-12" time="15:30:06">
  <environment nunit-version="2.6.4.14350" clr-version="4.0.30319.17020" os-version="Unix 3.16.0.4" platform="Unix" cwd="/home/spiffytech/Documents/programs/webmusic" machine-name="spiffytop" user="spiffytech" user-domain="spiffytop" />
  <culture-info current-culture="en-US" current-uiculture="en-US" />
  <test-suite type="Assembly" name="/home/spiffytech/Documents/programs/webmusic/tests/WebMusic.Tests/bin/Release/WebMusic.Tests.dll" executed="True" result="Failure" success="False" time="0.011" asserts="0">
    <results>
      <test-suite type="Namespace" name="WebMusic" executed="True" result="Failure" success="False" time="0.007" asserts="0">
        <results>
          <test-suite type="TestFixture" name="Tests" executed="True" result="Failure" success="False" time="0.006" asserts="0">
            <results>
              <test-case name="WebMusic.Tests.hello returns 42" executed="False" result="NotRunnable">
                <reason>
                  <message><![CDATA[Test method has non-void return type, but no result is expected]]></message>
                </reason>
              </test-case>
            </results>
          </test-suite>
        </results>
      </test-suite>
    </results>
  </test-suite>
</test-results>